<?xml version="1.0" encoding="UTF-8"?>
<testng-results ignored="0" total="4" passed="4" failed="0" skipped="0">
  <reporter-output>
  </reporter-output>
  <suite started-at="2023-10-08T21:24:48 IST" name="Default suite" finished-at="2023-10-08T21:24:58 IST" duration-ms="10437">
    <groups>
      <group name="cucumber">
        <method signature="AbstractTestNGCucumberTests.runScenario(io.cucumber.testng.PickleWrapper,io.cucumber.testng.FeatureWrapper)[pri:0, instance:runner.IssueRunner@67f639d3]" name="runScenario" class="io.cucumber.testng.AbstractTestNGCucumberTests"/>
      </group> <!-- cucumber -->
    </groups>
    <test started-at="2023-10-08T21:24:48 IST" name="Default test" finished-at="2023-10-08T21:24:58 IST" duration-ms="10437">
      <class name="runner.IssueRunner">
        <test-method is-config="true" signature="setUpClass(org.testng.ITestContext)[pri:0, instance:runner.IssueRunner@67f639d3]" started-at="2023-10-08T21:24:48 IST" name="setUpClass" finished-at="2023-10-08T21:24:48 IST" duration-ms="600" status="PASS">
          <params>
            <param index="0">
              <value>
                <![CDATA[org.testng.TestRunner@5d92e8e2]]>
              </value>
            </param>
          </params>
          <reporter-output>
          </reporter-output>
        </test-method> <!-- setUpClass -->
        <test-method signature="runScenario(io.cucumber.testng.PickleWrapper,io.cucumber.testng.FeatureWrapper)[pri:0, instance:runner.IssueRunner@67f639d3]" started-at="2023-10-08T21:24:48 IST" name="runScenario" description="Runs Cucumber Scenarios" data-provider="scenarios" finished-at="2023-10-08T21:24:52 IST" duration-ms="3976" status="PASS">
          <params>
            <param index="0">
              <value>
                <![CDATA["Create Issue in Jira"]]>
              </value>
            </param>
            <param index="1">
              <value>
                <![CDATA["Jira Issue Management"]]>
              </value>
            </param>
          </params>
          <reporter-output>
          </reporter-output>
        </test-method> <!-- runScenario -->
        <test-method signature="runScenario(io.cucumber.testng.PickleWrapper,io.cucumber.testng.FeatureWrapper)[pri:0, instance:runner.IssueRunner@67f639d3]" started-at="2023-10-08T21:24:52 IST" name="runScenario" description="Runs Cucumber Scenarios" data-provider="scenarios" finished-at="2023-10-08T21:24:53 IST" duration-ms="770" status="PASS">
          <params>
            <param index="0">
              <value>
                <![CDATA["Get Issue by Id in Jira"]]>
              </value>
            </param>
            <param index="1">
              <value>
                <![CDATA["Jira Issue Management"]]>
              </value>
            </param>
          </params>
          <reporter-output>
          </reporter-output>
        </test-method> <!-- runScenario -->
        <test-method signature="runScenario(io.cucumber.testng.PickleWrapper,io.cucumber.testng.FeatureWrapper)[pri:0, instance:runner.IssueRunner@67f639d3]" started-at="2023-10-08T21:24:53 IST" name="runScenario" description="Runs Cucumber Scenarios" data-provider="scenarios" finished-at="2023-10-08T21:24:54 IST" duration-ms="810" status="PASS">
          <params>
            <param index="0">
              <value>
                <![CDATA["Update Issue in Jira"]]>
              </value>
            </param>
            <param index="1">
              <value>
                <![CDATA["Jira Issue Management"]]>
              </value>
            </param>
          </params>
          <reporter-output>
          </reporter-output>
        </test-method> <!-- runScenario -->
        <test-method signature="runScenario(io.cucumber.testng.PickleWrapper,io.cucumber.testng.FeatureWrapper)[pri:0, instance:runner.IssueRunner@67f639d3]" started-at="2023-10-08T21:24:54 IST" name="runScenario" description="Runs Cucumber Scenarios" data-provider="scenarios" finished-at="2023-10-08T21:24:55 IST" duration-ms="718" status="PASS">
          <params>
            <param index="0">
              <value>
                <![CDATA["Update Issue in Jira"]]>
              </value>
            </param>
            <param index="1">
              <value>
                <![CDATA["Jira Issue Management"]]>
              </value>
            </param>
          </params>
          <reporter-output>
          </reporter-output>
        </test-method> <!-- runScenario -->
        <test-method is-config="true" signature="tearDownClass()[pri:0, instance:runner.IssueRunner@67f639d3]" started-at="2023-10-08T21:24:55 IST" name="tearDownClass" finished-at="2023-10-08T21:24:58 IST" duration-ms="3514" status="PASS">
          <reporter-output>
          </reporter-output>
        </test-method> <!-- tearDownClass -->
      </class> <!-- runner.IssueRunner -->
    </test> <!-- Default test -->
  </suite> <!-- Default suite -->
</testng-results>
