<?xml version="1.0" encoding="UTF-8"?>
<testng-results ignored="0" total="3" passed="3" failed="0" skipped="0">
  <reporter-output>
  </reporter-output>
  <suite started-at="2023-10-02T20:24:30 IST" name="Default suite" finished-at="2023-10-02T20:24:40 IST" duration-ms="10071">
    <groups>
      <group name="cucumber">
        <method signature="AbstractTestNGCucumberTests.runScenario(io.cucumber.testng.PickleWrapper,io.cucumber.testng.FeatureWrapper)[pri:0, instance:runner.IssueRunner@67f639d3]" name="runScenario" class="io.cucumber.testng.AbstractTestNGCucumberTests"/>
      </group> <!-- cucumber -->
    </groups>
    <test started-at="2023-10-02T20:24:30 IST" name="Default test" finished-at="2023-10-02T20:24:40 IST" duration-ms="10071">
      <class name="runner.IssueRunner">
        <test-method is-config="true" signature="setUpClass(org.testng.ITestContext)[pri:0, instance:runner.IssueRunner@67f639d3]" started-at="2023-10-02T20:24:30 IST" name="setUpClass" finished-at="2023-10-02T20:24:30 IST" duration-ms="585" status="PASS">
          <params>
            <param index="0">
              <value>
                <![CDATA[org.testng.TestRunner@2ae3235e]]>
              </value>
            </param>
          </params>
          <reporter-output>
          </reporter-output>
        </test-method> <!-- setUpClass -->
        <test-method signature="runScenario(io.cucumber.testng.PickleWrapper,io.cucumber.testng.FeatureWrapper)[pri:0, instance:runner.IssueRunner@67f639d3]" started-at="2023-10-02T20:24:30 IST" name="runScenario" description="Runs Cucumber Scenarios" data-provider="scenarios" finished-at="2023-10-02T20:24:35 IST" duration-ms="4379" status="PASS">
          <params>
            <param index="0">
              <value>
                <![CDATA["Create Issue in Jira"]]>
              </value>
            </param>
            <param index="1">
              <value>
                <![CDATA["Jira Issue Management"]]>
              </value>
            </param>
          </params>
          <reporter-output>
          </reporter-output>
        </test-method> <!-- runScenario -->
        <test-method signature="runScenario(io.cucumber.testng.PickleWrapper,io.cucumber.testng.FeatureWrapper)[pri:0, instance:runner.IssueRunner@67f639d3]" started-at="2023-10-02T20:24:35 IST" name="runScenario" description="Runs Cucumber Scenarios" data-provider="scenarios" finished-at="2023-10-02T20:24:36 IST" duration-ms="799" status="PASS">
          <params>
            <param index="0">
              <value>
                <![CDATA["Get Issue by Id in Jira"]]>
              </value>
            </param>
            <param index="1">
              <value>
                <![CDATA["Jira Issue Management"]]>
              </value>
            </param>
          </params>
          <reporter-output>
          </reporter-output>
        </test-method> <!-- runScenario -->
        <test-method signature="runScenario(io.cucumber.testng.PickleWrapper,io.cucumber.testng.FeatureWrapper)[pri:0, instance:runner.IssueRunner@67f639d3]" started-at="2023-10-02T20:24:36 IST" name="runScenario" description="Runs Cucumber Scenarios" data-provider="scenarios" finished-at="2023-10-02T20:24:36 IST" duration-ms="753" status="PASS">
          <params>
            <param index="0">
              <value>
                <![CDATA["Update Issue in Jira"]]>
              </value>
            </param>
            <param index="1">
              <value>
                <![CDATA["Jira Issue Management"]]>
              </value>
            </param>
          </params>
          <reporter-output>
          </reporter-output>
        </test-method> <!-- runScenario -->
        <test-method is-config="true" signature="tearDownClass()[pri:0, instance:runner.IssueRunner@67f639d3]" started-at="2023-10-02T20:24:36 IST" name="tearDownClass" finished-at="2023-10-02T20:24:40 IST" duration-ms="3508" status="PASS">
          <reporter-output>
          </reporter-output>
        </test-method> <!-- tearDownClass -->
      </class> <!-- runner.IssueRunner -->
    </test> <!-- Default test -->
  </suite> <!-- Default suite -->
</testng-results>
